  [1m[35m (0.1ms)[0m  [1m[34mSELECT sqlite_version(*)[0m
  ↳ /Users/reaualexis/.rvm/gems/ruby-2.5.1/gems/rake-12.3.1/lib/rake/task.rb:271
  [1m[35m (1.8ms)[0m  [1m[35mCREATE TABLE "schema_migrations" ("version" varchar NOT NULL PRIMARY KEY)[0m
  ↳ /Users/reaualexis/.rvm/gems/ruby-2.5.1/gems/rake-12.3.1/lib/rake/task.rb:271
  [1m[35m (7.0ms)[0m  [1m[35mCREATE TABLE "ar_internal_metadata" ("key" varchar NOT NULL PRIMARY KEY, "value" varchar, "created_at" datetime NOT NULL, "updated_at" datetime NOT NULL)[0m
  ↳ /Users/reaualexis/.rvm/gems/ruby-2.5.1/gems/rake-12.3.1/lib/rake/task.rb:271
  [1m[35m (0.3ms)[0m  [1m[34mSELECT "schema_migrations"."version" FROM "schema_migrations" ORDER BY "schema_migrations"."version" ASC[0m
  ↳ /Users/reaualexis/.rvm/gems/ruby-2.5.1/gems/rake-12.3.1/lib/rake/task.rb:271
Migrating to CreateGossips (20181029102837)
  [1m[35m (0.1ms)[0m  [1m[36mbegin transaction[0m
  ↳ /Users/reaualexis/.rvm/gems/ruby-2.5.1/gems/rake-12.3.1/lib/rake/task.rb:271
  [1m[35m (0.6ms)[0m  [1m[35mCREATE TABLE "gossips" ("id" integer PRIMARY KEY AUTOINCREMENT NOT NULL, "author" varchar, "content" text, "created_at" datetime NOT NULL, "updated_at" datetime NOT NULL)[0m
  ↳ db/migrate/20181029102837_create_gossips.rb:3
  [1m[36mActiveRecord::SchemaMigration Create (0.3ms)[0m  [1m[32mINSERT INTO "schema_migrations" ("version") VALUES (?)[0m  [["version", "20181029102837"]]
  ↳ /Users/reaualexis/.rvm/gems/ruby-2.5.1/gems/rake-12.3.1/lib/rake/task.rb:271
  [1m[35m (1.3ms)[0m  [1m[36mcommit transaction[0m
  ↳ /Users/reaualexis/.rvm/gems/ruby-2.5.1/gems/rake-12.3.1/lib/rake/task.rb:271
  [1m[36mActiveRecord::InternalMetadata Load (0.2ms)[0m  [1m[34mSELECT  "ar_internal_metadata".* FROM "ar_internal_metadata" WHERE "ar_internal_metadata"."key" = ? LIMIT ?[0m  [["key", "environment"], ["LIMIT", 1]]
  ↳ /Users/reaualexis/.rvm/gems/ruby-2.5.1/gems/rake-12.3.1/lib/rake/task.rb:271
  [1m[35m (0.1ms)[0m  [1m[36mbegin transaction[0m
  ↳ /Users/reaualexis/.rvm/gems/ruby-2.5.1/gems/rake-12.3.1/lib/rake/task.rb:271
  [1m[36mActiveRecord::InternalMetadata Create (0.5ms)[0m  [1m[32mINSERT INTO "ar_internal_metadata" ("key", "value", "created_at", "updated_at") VALUES (?, ?, ?, ?)[0m  [["key", "environment"], ["value", "development"], ["created_at", "2018-10-29 10:30:25.890963"], ["updated_at", "2018-10-29 10:30:25.890963"]]
  ↳ /Users/reaualexis/.rvm/gems/ruby-2.5.1/gems/rake-12.3.1/lib/rake/task.rb:271
  [1m[35m (1.1ms)[0m  [1m[36mcommit transaction[0m
  ↳ /Users/reaualexis/.rvm/gems/ruby-2.5.1/gems/rake-12.3.1/lib/rake/task.rb:271
  [1m[35m (0.2ms)[0m  [1m[34mSELECT "schema_migrations"."version" FROM "schema_migrations" ORDER BY "schema_migrations"."version" ASC[0m
  ↳ /Users/reaualexis/.rvm/gems/ruby-2.5.1/gems/rake-12.3.1/lib/rake/task.rb:271
  [1m[35m (0.4ms)[0m  [1m[34mSELECT "schema_migrations"."version" FROM "schema_migrations" ORDER BY "schema_migrations"."version" ASC[0m
  ↳ /Users/reaualexis/.rvm/gems/ruby-2.5.1/gems/rake-12.3.1/lib/rake/task.rb:271
  [1m[35m (0.4ms)[0m  [1m[34mSELECT "schema_migrations"."version" FROM "schema_migrations" ORDER BY "schema_migrations"."version" ASC[0m
  ↳ /Users/reaualexis/.rvm/gems/ruby-2.5.1/gems/rake-12.3.1/lib/rake/task.rb:271
  [1m[35m (0.1ms)[0m  [1m[36mbegin transaction[0m
  ↳ db/seeds.rb:12
  [1m[36mGossip Create (15.7ms)[0m  [1m[32mINSERT INTO "gossips" ("author", "content", "created_at", "updated_at") VALUES (?, ?, ?, ?)[0m  [["author", "Irvin Zulauf"], ["content", "The garbage'll do"], ["created_at", "2018-10-29 10:42:15.709643"], ["updated_at", "2018-10-29 10:42:15.709643"]]
  ↳ db/seeds.rb:12
  [1m[35m (11.9ms)[0m  [1m[36mcommit transaction[0m
  ↳ db/seeds.rb:12
  [1m[35m (0.1ms)[0m  [1m[36mbegin transaction[0m
  ↳ db/seeds.rb:12
  [1m[36mGossip Create (0.6ms)[0m  [1m[32mINSERT INTO "gossips" ("author", "content", "created_at", "updated_at") VALUES (?, ?, ?, ?)[0m  [["author", "Dr. Alfredia Ledner"], ["content", "We have no choice, General Calrissian! Our cruisers can't repel firepower of that magnitude!"], ["created_at", "2018-10-29 10:42:15.740801"], ["updated_at", "2018-10-29 10:42:15.740801"]]
  ↳ db/seeds.rb:12
  [1m[35m (1.5ms)[0m  [1m[36mcommit transaction[0m
  ↳ db/seeds.rb:12
  [1m[35m (0.1ms)[0m  [1m[36mbegin transaction[0m
  ↳ db/seeds.rb:12
  [1m[36mGossip Create (0.4ms)[0m  [1m[32mINSERT INTO "gossips" ("author", "content", "created_at", "updated_at") VALUES (?, ?, ?, ?)[0m  [["author", "Hallie Anderson"], ["content", "Just for once, let me look on you with my own eyes."], ["created_at", "2018-10-29 10:42:15.745674"], ["updated_at", "2018-10-29 10:42:15.745674"]]
  ↳ db/seeds.rb:12
  [1m[35m (1.6ms)[0m  [1m[36mcommit transaction[0m
  ↳ db/seeds.rb:12
  [1m[35m (0.1ms)[0m  [1m[36mbegin transaction[0m
  ↳ db/seeds.rb:12
  [1m[36mGossip Create (0.5ms)[0m  [1m[32mINSERT INTO "gossips" ("author", "content", "created_at", "updated_at") VALUES (?, ?, ?, ?)[0m  [["author", "Jason Lynch"], ["content", "So this is how liberty dies. With thunderous applause."], ["created_at", "2018-10-29 10:42:15.749990"], ["updated_at", "2018-10-29 10:42:15.749990"]]
  ↳ db/seeds.rb:12
  [1m[35m (1.2ms)[0m  [1m[36mcommit transaction[0m
  ↳ db/seeds.rb:12
  [1m[35m (0.1ms)[0m  [1m[36mbegin transaction[0m
  ↳ db/seeds.rb:12
  [1m[36mGossip Create (0.4ms)[0m  [1m[32mINSERT INTO "gossips" ("author", "content", "created_at", "updated_at") VALUES (?, ?, ?, ?)[0m  [["author", "Rogelio McClure"], ["content", "You're smarter than a tree, aren't you?"], ["created_at", "2018-10-29 10:42:15.753447"], ["updated_at", "2018-10-29 10:42:15.753447"]]
  ↳ db/seeds.rb:12
  [1m[35m (1.2ms)[0m  [1m[36mcommit transaction[0m
  ↳ db/seeds.rb:12
  [1m[35m (0.2ms)[0m  [1m[36mbegin transaction[0m
  ↳ db/seeds.rb:12
  [1m[36mGossip Create (0.5ms)[0m  [1m[32mINSERT INTO "gossips" ("author", "content", "created_at", "updated_at") VALUES (?, ?, ?, ?)[0m  [["author", "Marcia Kub II"], ["content", "Now, witness the power of this fully operational battle station."], ["created_at", "2018-10-29 10:42:15.758616"], ["updated_at", "2018-10-29 10:42:15.758616"]]
  ↳ db/seeds.rb:12
  [1m[35m (2.1ms)[0m  [1m[36mcommit transaction[0m
  ↳ db/seeds.rb:12
  [1m[35m (0.1ms)[0m  [1m[36mbegin transaction[0m
  ↳ db/seeds.rb:12
  [1m[36mGossip Create (0.4ms)[0m  [1m[32mINSERT INTO "gossips" ("author", "content", "created_at", "updated_at") VALUES (?, ?, ?, ?)[0m  [["author", "Vikki Tillman"], ["content", "This deal is getting worse all the time."], ["created_at", "2018-10-29 10:42:15.763750"], ["updated_at", "2018-10-29 10:42:15.763750"]]
  ↳ db/seeds.rb:12
  [1m[35m (1.2ms)[0m  [1m[36mcommit transaction[0m
  ↳ db/seeds.rb:12
  [1m[35m (0.0ms)[0m  [1m[36mbegin transaction[0m
  ↳ db/seeds.rb:12
  [1m[36mGossip Create (0.4ms)[0m  [1m[32mINSERT INTO "gossips" ("author", "content", "created_at", "updated_at") VALUES (?, ?, ?, ?)[0m  [["author", "Roland Steuber"], ["content", "If they follow standard Imperial procedure, they'll dump their garbage before they go to light-speed."], ["created_at", "2018-10-29 10:42:15.767418"], ["updated_at", "2018-10-29 10:42:15.767418"]]
  ↳ db/seeds.rb:12
  [1m[35m (1.3ms)[0m  [1m[36mcommit transaction[0m
  ↳ db/seeds.rb:12
  [1m[35m (0.1ms)[0m  [1m[36mbegin transaction[0m
  ↳ db/seeds.rb:12
  [1m[36mGossip Create (0.4ms)[0m  [1m[32mINSERT INTO "gossips" ("author", "content", "created_at", "updated_at") VALUES (?, ?, ?, ?)[0m  [["author", "Lynna Williamson"], ["content", "Twice the pride, double the fall."], ["created_at", "2018-10-29 10:42:15.771442"], ["updated_at", "2018-10-29 10:42:15.771442"]]
  ↳ db/seeds.rb:12
  [1m[35m (1.7ms)[0m  [1m[36mcommit transaction[0m
  ↳ db/seeds.rb:12
  [1m[35m (0.1ms)[0m  [1m[36mbegin transaction[0m
  ↳ db/seeds.rb:12
  [1m[36mGossip Create (0.4ms)[0m  [1m[32mINSERT INTO "gossips" ("author", "content", "created_at", "updated_at") VALUES (?, ?, ?, ?)[0m  [["author", "Alita DuBuque"], ["content", "You can't stop change any more than you can stop the suns from setting."], ["created_at", "2018-10-29 10:42:15.776081"], ["updated_at", "2018-10-29 10:42:15.776081"]]
  ↳ db/seeds.rb:12
  [1m[35m (1.2ms)[0m  [1m[36mcommit transaction[0m
  ↳ db/seeds.rb:12
Started GET "/" for 127.0.0.1 at 2018-10-29 13:00:23 +0100
  [1m[35m (0.5ms)[0m  [1m[34mSELECT "schema_migrations"."version" FROM "schema_migrations" ORDER BY "schema_migrations"."version" ASC[0m
  ↳ /Users/reaualexis/.rvm/gems/ruby-2.5.1/gems/web-console-3.7.0/lib/web_console/middleware.rb:135
Processing by Rails::WelcomeController#index as HTML
  Rendering /Users/reaualexis/.rvm/rubies/ruby-2.5.1/lib/ruby/gems/2.5.0/gems/railties-5.2.1/lib/rails/templates/rails/welcome/index.html.erb
  Rendered /Users/reaualexis/.rvm/rubies/ruby-2.5.1/lib/ruby/gems/2.5.0/gems/railties-5.2.1/lib/rails/templates/rails/welcome/index.html.erb (5.6ms)
Completed 200 OK in 110ms (Views: 35.8ms | ActiveRecord: 0.0ms)


Started GET "/team" for 127.0.0.1 at 2018-10-29 13:00:28 +0100
Processing by TeamController#team as HTML
  Rendering team/team.html.erb within layouts/application
  Rendered team/team.html.erb within layouts/application (0.5ms)
Completed 200 OK in 2193ms (Views: 2156.3ms | ActiveRecord: 0.0ms)


Started GET "/team" for 127.0.0.1 at 2018-10-29 13:01:40 +0100
  
ArgumentError (Missing :controller key on routes definition, please check your routes.):
  
config/routes.rb:3:in `block in <main>'
config/routes.rb:1:in `<main>'
Started GET "/team" for 127.0.0.1 at 2018-10-29 13:01:58 +0100
Processing by TeamController#team as HTML
  Rendering team/team.html.erb within layouts/application
  Rendered team/team.html.erb within layouts/application (0.7ms)
Completed 200 OK in 379ms (Views: 338.5ms | ActiveRecord: 0.0ms)


Started GET "/team" for 127.0.0.1 at 2018-10-29 13:02:20 +0100
  
ArgumentError (Missing :controller key on routes definition, please check your routes.):
  
config/routes.rb:3:in `block in <main>'
config/routes.rb:1:in `<main>'
Started GET "/team" for 127.0.0.1 at 2018-10-29 13:02:49 +0100
Processing by TeamController#team as HTML
  Rendering team/team.html.erb within layouts/application
  Rendered team/team.html.erb within layouts/application (0.8ms)
Completed 200 OK in 70ms (Views: 62.5ms | ActiveRecord: 0.0ms)


Started GET "/team" for 127.0.0.1 at 2018-10-29 13:07:02 +0100
  [1m[35m (0.6ms)[0m  [1m[34mSELECT "schema_migrations"."version" FROM "schema_migrations" ORDER BY "schema_migrations"."version" ASC[0m
  ↳ /Users/reaualexis/.rvm/gems/ruby-2.5.1/gems/web-console-3.7.0/lib/web_console/middleware.rb:135
Processing by TeamController#team as HTML
  Rendering team/team.html.erb within layouts/application
  Rendered team/team.html.erb within layouts/application (2.2ms)
Completed 200 OK in 553ms (Views: 533.5ms | ActiveRecord: 0.0ms)


Started GET "/contact" for 127.0.0.1 at 2018-10-29 13:07:08 +0100
Processing by ContactController#contact as HTML
  Rendering contact/contact.html.erb within layouts/application
  Rendered contact/contact.html.erb within layouts/application (0.5ms)
Completed 200 OK in 34ms (Views: 30.8ms | ActiveRecord: 0.0ms)


Started GET "/contact" for 127.0.0.1 at 2018-10-29 13:09:23 +0100
Processing by ContactController#contact as HTML
  Rendering contact/contact.html.erb within layouts/application
  Rendered contact/contact.html.erb within layouts/application (0.6ms)
Completed 200 OK in 1925ms (Views: 1922.9ms | ActiveRecord: 0.0ms)


Started GET "/team" for 127.0.0.1 at 2018-10-29 13:09:32 +0100
Processing by TeamController#team as HTML
  Rendering team/team.html.erb within layouts/application
  Rendered team/team.html.erb within layouts/application (0.6ms)
Completed 200 OK in 141ms (Views: 93.5ms | ActiveRecord: 0.0ms)


Started GET "/contact" for 127.0.0.1 at 2018-10-29 13:09:38 +0100
Processing by ContactController#contact as HTML
  Rendering contact/contact.html.erb within layouts/application
  Rendered contact/contact.html.erb within layouts/application (1.3ms)
Completed 200 OK in 149ms (Views: 125.7ms | ActiveRecord: 0.0ms)


Started GET "/contact" for 127.0.0.1 at 2018-10-29 13:22:48 +0100
Processing by ContactController#contact as HTML
  Rendering contact/contact.html.erb within layouts/application
  Rendered contact/contact.html.erb within layouts/application (2.2ms)
Completed 200 OK in 521ms (Views: 484.3ms | ActiveRecord: 0.0ms)


Started GET "/contact" for 127.0.0.1 at 2018-10-29 13:23:22 +0100
Processing by ContactController#contact as HTML
  Rendering contact/contact.html.erb within layouts/application
  Rendered contact/contact.html.erb within layouts/application (0.5ms)
Completed 200 OK in 615ms (Views: 550.1ms | ActiveRecord: 0.0ms)


Started GET "/contact" for 127.0.0.1 at 2018-10-29 13:23:35 +0100
Processing by ContactController#contact as HTML
  Rendering contact/contact.html.erb within layouts/application
  Rendered contact/contact.html.erb within layouts/application (0.5ms)
Completed 200 OK in 66ms (Views: 45.5ms | ActiveRecord: 0.0ms)


Started GET "/contact" for 127.0.0.1 at 2018-10-29 13:24:04 +0100
Processing by ContactController#contact as HTML
  Rendering contact/contact.html.erb within layouts/application
  Rendered contact/contact.html.erb within layouts/application (0.5ms)
Completed 200 OK in 35ms (Views: 31.1ms | ActiveRecord: 0.0ms)


Started GET "/team" for 127.0.0.1 at 2018-10-29 13:24:11 +0100
Processing by TeamController#team as HTML
  Rendering team/team.html.erb within layouts/application
  Rendered team/team.html.erb within layouts/application (0.5ms)
Completed 200 OK in 91ms (Views: 36.3ms | ActiveRecord: 0.0ms)


Started GET "/team" for 127.0.0.1 at 2018-10-29 13:33:52 +0100
Processing by TeamController#team as HTML
  Rendering team/team.html.erb within layouts/application
  Rendered team/team.html.erb within layouts/application (0.6ms)
Completed 200 OK in 502ms (Views: 472.4ms | ActiveRecord: 0.0ms)


Started GET "/contact" for 127.0.0.1 at 2018-10-29 13:35:39 +0100
Processing by ContactController#contact as HTML
  Rendering contact/contact.html.erb within layouts/application
  Rendered contact/contact.html.erb within layouts/application (0.6ms)
Completed 200 OK in 402ms (Views: 370.8ms | ActiveRecord: 0.0ms)


Started GET "/contact" for 127.0.0.1 at 2018-10-29 13:35:54 +0100
Processing by ContactController#contact as HTML
  Rendering contact/contact.html.erb within layouts/application
  Rendered contact/contact.html.erb within layouts/application (0.4ms)
Completed 200 OK in 125ms (Views: 122.1ms | ActiveRecord: 0.0ms)


Started GET "/contact" for 127.0.0.1 at 2018-10-29 13:39:06 +0100
Processing by ContactController#contact as HTML
  Rendering contact/contact.html.erb within layouts/application
  Rendered contact/contact.html.erb within layouts/application (0.7ms)
Completed 200 OK in 74ms (Views: 70.4ms | ActiveRecord: 0.0ms)


Started GET "/contact" for 127.0.0.1 at 2018-10-29 13:39:19 +0100
Processing by ContactController#contact as HTML
  Rendering contact/contact.html.erb within layouts/application
  Rendered contact/contact.html.erb within layouts/application (0.4ms)
Completed 200 OK in 31ms (Views: 27.6ms | ActiveRecord: 0.0ms)


Started GET "/contact" for 127.0.0.1 at 2018-10-29 13:39:41 +0100
Processing by ContactController#contact as HTML
  Rendering contact/contact.html.erb within layouts/application
  Rendered contact/contact.html.erb within layouts/application (0.5ms)
Completed 200 OK in 82ms (Views: 53.5ms | ActiveRecord: 0.0ms)


Started GET "/" for 127.0.0.1 at 2018-10-29 13:39:43 +0100
Processing by Rails::WelcomeController#index as HTML
  Rendering /Users/reaualexis/.rvm/rubies/ruby-2.5.1/lib/ruby/gems/2.5.0/gems/railties-5.2.1/lib/rails/templates/rails/welcome/index.html.erb
  Rendered /Users/reaualexis/.rvm/rubies/ruby-2.5.1/lib/ruby/gems/2.5.0/gems/railties-5.2.1/lib/rails/templates/rails/welcome/index.html.erb (4.2ms)
Completed 200 OK in 53ms (Views: 10.1ms | ActiveRecord: 0.0ms)


Started GET "/" for 127.0.0.1 at 2018-10-29 13:39:43 +0100
Processing by Rails::WelcomeController#index as HTML
  Rendering /Users/reaualexis/.rvm/rubies/ruby-2.5.1/lib/ruby/gems/2.5.0/gems/railties-5.2.1/lib/rails/templates/rails/welcome/index.html.erb
  Rendered /Users/reaualexis/.rvm/rubies/ruby-2.5.1/lib/ruby/gems/2.5.0/gems/railties-5.2.1/lib/rails/templates/rails/welcome/index.html.erb (4.9ms)
Completed 200 OK in 73ms (Views: 57.3ms | ActiveRecord: 0.0ms)


Started GET "/team" for 127.0.0.1 at 2018-10-29 13:39:53 +0100
Processing by TeamController#team as HTML
  Rendering team/team.html.erb within layouts/application
  Rendered team/team.html.erb within layouts/application (0.5ms)
Completed 200 OK in 70ms (Views: 33.8ms | ActiveRecord: 0.0ms)


Started GET "/team" for 127.0.0.1 at 2018-10-29 13:41:14 +0100
Processing by TeamController#team as HTML
  Rendering team/team.html.erb within layouts/application
  Rendered team/team.html.erb within layouts/application (0.5ms)
Completed 200 OK in 102ms (Views: 70.8ms | ActiveRecord: 0.0ms)


Started GET "/team" for 127.0.0.1 at 2018-10-29 13:41:54 +0100
Processing by TeamController#team as HTML
  Rendering team/team.html.erb within layouts/application
  Rendered team/team.html.erb within layouts/application (0.5ms)
Completed 200 OK in 33ms (Views: 29.3ms | ActiveRecord: 0.0ms)


Started GET "/team" for 127.0.0.1 at 2018-10-29 13:42:16 +0100
Processing by TeamController#team as HTML
  Rendering team/team.html.erb within layouts/application
  Rendered team/team.html.erb within layouts/application (0.6ms)
Completed 200 OK in 33ms (Views: 30.4ms | ActiveRecord: 0.0ms)


Started GET "/contact" for 127.0.0.1 at 2018-10-29 13:42:17 +0100
Processing by ContactController#contact as HTML
  Rendering contact/contact.html.erb within layouts/application
  Rendered contact/contact.html.erb within layouts/application (0.6ms)
Completed 200 OK in 89ms (Views: 47.3ms | ActiveRecord: 0.0ms)


Started GET "/team" for 127.0.0.1 at 2018-10-29 13:42:18 +0100
Processing by TeamController#team as HTML
  Rendering team/team.html.erb within layouts/application
  Rendered team/team.html.erb within layouts/application (0.5ms)
Completed 200 OK in 51ms (Views: 46.5ms | ActiveRecord: 0.0ms)


Started GET "/contact" for 127.0.0.1 at 2018-10-29 13:42:19 +0100
Processing by ContactController#contact as HTML
  Rendering contact/contact.html.erb within layouts/application
  Rendered contact/contact.html.erb within layouts/application (0.7ms)
Completed 200 OK in 77ms (Views: 72.5ms | ActiveRecord: 0.0ms)


Started GET "/team" for 127.0.0.1 at 2018-10-29 13:42:20 +0100
Processing by TeamController#team as HTML
  Rendering team/team.html.erb within layouts/application
  Rendered team/team.html.erb within layouts/application (0.4ms)
Completed 200 OK in 49ms (Views: 44.3ms | ActiveRecord: 0.0ms)


Started GET "/contact" for 127.0.0.1 at 2018-10-29 13:42:20 +0100
Processing by ContactController#contact as HTML
  Rendering contact/contact.html.erb within layouts/application
  Rendered contact/contact.html.erb within layouts/application (0.8ms)
Completed 200 OK in 45ms (Views: 41.5ms | ActiveRecord: 0.0ms)


Started GET "/team" for 127.0.0.1 at 2018-10-29 13:42:21 +0100
Processing by TeamController#team as HTML
  Rendering team/team.html.erb within layouts/application
  Rendered team/team.html.erb within layouts/application (0.5ms)
Completed 200 OK in 45ms (Views: 40.6ms | ActiveRecord: 0.0ms)


Started GET "/contact" for 127.0.0.1 at 2018-10-29 13:42:21 +0100
Processing by ContactController#contact as HTML
  Rendering contact/contact.html.erb within layouts/application
  Rendered contact/contact.html.erb within layouts/application (0.7ms)
Completed 200 OK in 50ms (Views: 44.5ms | ActiveRecord: 0.0ms)


Started GET "/team" for 127.0.0.1 at 2018-10-29 13:42:21 +0100
Processing by TeamController#team as HTML
  Rendering team/team.html.erb within layouts/application
  Rendered team/team.html.erb within layouts/application (1.2ms)
Completed 200 OK in 54ms (Views: 47.5ms | ActiveRecord: 0.0ms)


Started GET "/contact" for 127.0.0.1 at 2018-10-29 13:42:22 +0100
Processing by ContactController#contact as HTML
  Rendering contact/contact.html.erb within layouts/application
  Rendered contact/contact.html.erb within layouts/application (2.2ms)
Completed 200 OK in 51ms (Views: 46.5ms | ActiveRecord: 0.0ms)


Started GET "/team" for 127.0.0.1 at 2018-10-29 13:42:22 +0100
Processing by TeamController#team as HTML
  Rendering team/team.html.erb within layouts/application
  Rendered team/team.html.erb within layouts/application (0.6ms)
Completed 200 OK in 44ms (Views: 40.2ms | ActiveRecord: 0.0ms)


Started GET "/contact" for 127.0.0.1 at 2018-10-29 13:42:22 +0100
Processing by ContactController#contact as HTML
  Rendering contact/contact.html.erb within layouts/application
  Rendered contact/contact.html.erb within layouts/application (0.7ms)
Completed 200 OK in 51ms (Views: 46.4ms | ActiveRecord: 0.0ms)


Started GET "/team" for 127.0.0.1 at 2018-10-29 13:42:23 +0100
Processing by TeamController#team as HTML
  Rendering team/team.html.erb within layouts/application
  Rendered team/team.html.erb within layouts/application (1.1ms)
Completed 200 OK in 43ms (Views: 38.8ms | ActiveRecord: 0.0ms)


Started GET "/contact" for 127.0.0.1 at 2018-10-29 13:42:23 +0100
Processing by ContactController#contact as HTML
  Rendering contact/contact.html.erb within layouts/application
  Rendered contact/contact.html.erb within layouts/application (1.0ms)
Completed 200 OK in 52ms (Views: 48.0ms | ActiveRecord: 0.0ms)


Started GET "/team" for 127.0.0.1 at 2018-10-29 13:42:24 +0100
Processing by TeamController#team as HTML
  Rendering team/team.html.erb within layouts/application
  Rendered team/team.html.erb within layouts/application (0.4ms)
Completed 200 OK in 44ms (Views: 38.9ms | ActiveRecord: 0.0ms)


Started GET "/contact" for 127.0.0.1 at 2018-10-29 13:42:24 +0100
Processing by ContactController#contact as HTML
  Rendering contact/contact.html.erb within layouts/application
  Rendered contact/contact.html.erb within layouts/application (1.1ms)
Completed 200 OK in 46ms (Views: 42.5ms | ActiveRecord: 0.0ms)


Started GET "/team" for 127.0.0.1 at 2018-10-29 13:43:40 +0100
Processing by TeamController#team as HTML
  Rendering team/team.html.erb within layouts/application
  Rendered team/team.html.erb within layouts/application (0.5ms)
Started GET "/contact" for 127.0.0.1 at 2018-10-29 13:43:40 +0100
Processing by ContactController#contact as HTML
Completed 200 OK in 488ms (Views: 455.8ms | ActiveRecord: 0.0ms)


  Rendering contact/contact.html.erb within layouts/application
  Rendered contact/contact.html.erb within layouts/application (0.6ms)
Completed 200 OK in 74ms (Views: 30.9ms | ActiveRecord: 0.0ms)


Started GET "/team" for 127.0.0.1 at 2018-10-29 13:43:41 +0100
Processing by TeamController#team as HTML
  Rendering team/team.html.erb within layouts/application
  Rendered team/team.html.erb within layouts/application (0.9ms)
Completed 200 OK in 42ms (Views: 37.5ms | ActiveRecord: 0.0ms)


Started GET "/contact" for 127.0.0.1 at 2018-10-29 13:43:41 +0100
Processing by ContactController#contact as HTML
  Rendering contact/contact.html.erb within layouts/application
  Rendered contact/contact.html.erb within layouts/application (0.4ms)
Completed 200 OK in 44ms (Views: 39.7ms | ActiveRecord: 0.0ms)


Started GET "/team" for 127.0.0.1 at 2018-10-29 13:43:42 +0100
Processing by TeamController#team as HTML
  Rendering team/team.html.erb within layouts/application
  Rendered team/team.html.erb within layouts/application (0.7ms)
Completed 200 OK in 50ms (Views: 45.8ms | ActiveRecord: 0.0ms)


Started GET "/contact" for 127.0.0.1 at 2018-10-29 13:43:42 +0100
Processing by ContactController#contact as HTML
  Rendering contact/contact.html.erb within layouts/application
  Rendered contact/contact.html.erb within layouts/application (0.6ms)
Completed 200 OK in 41ms (Views: 36.7ms | ActiveRecord: 0.0ms)


Started GET "/team" for 127.0.0.1 at 2018-10-29 13:43:42 +0100
Processing by TeamController#team as HTML
  Rendering team/team.html.erb within layouts/application
  Rendered team/team.html.erb within layouts/application (0.9ms)
Completed 200 OK in 44ms (Views: 39.1ms | ActiveRecord: 0.0ms)


Started GET "/" for 127.0.0.1 at 2018-10-29 13:43:47 +0100
Processing by Rails::WelcomeController#index as HTML
  Rendering /Users/reaualexis/.rvm/rubies/ruby-2.5.1/lib/ruby/gems/2.5.0/gems/railties-5.2.1/lib/rails/templates/rails/welcome/index.html.erb
  Rendered /Users/reaualexis/.rvm/rubies/ruby-2.5.1/lib/ruby/gems/2.5.0/gems/railties-5.2.1/lib/rails/templates/rails/welcome/index.html.erb (4.9ms)
Completed 200 OK in 56ms (Views: 10.5ms | ActiveRecord: 0.0ms)


Started GET "/" for 127.0.0.1 at 2018-10-29 13:43:47 +0100
Processing by Rails::WelcomeController#index as HTML
  Rendering /Users/reaualexis/.rvm/rubies/ruby-2.5.1/lib/ruby/gems/2.5.0/gems/railties-5.2.1/lib/rails/templates/rails/welcome/index.html.erb
  Rendered /Users/reaualexis/.rvm/rubies/ruby-2.5.1/lib/ruby/gems/2.5.0/gems/railties-5.2.1/lib/rails/templates/rails/welcome/index.html.erb (4.5ms)
Completed 200 OK in 22ms (Views: 15.5ms | ActiveRecord: 0.0ms)


Started GET "/team" for 127.0.0.1 at 2018-10-29 13:43:54 +0100
Processing by TeamController#team as HTML
  Rendering team/team.html.erb within layouts/application
  Rendered team/team.html.erb within layouts/application (0.6ms)
Completed 200 OK in 215ms (Views: 191.8ms | ActiveRecord: 0.0ms)


Started GET "/contact" for 127.0.0.1 at 2018-10-29 13:43:56 +0100
Processing by ContactController#contact as HTML
  Rendering contact/contact.html.erb within layouts/application
  Rendered contact/contact.html.erb within layouts/application (0.7ms)
Completed 200 OK in 80ms (Views: 55.0ms | ActiveRecord: 0.0ms)


Started GET "/team" for 127.0.0.1 at 2018-10-29 13:43:57 +0100
Processing by TeamController#team as HTML
  Rendering team/team.html.erb within layouts/application
  Rendered team/team.html.erb within layouts/application (0.6ms)
Completed 200 OK in 47ms (Views: 43.0ms | ActiveRecord: 0.0ms)


Started GET "/team" for 127.0.0.1 at 2018-10-29 13:46:38 +0100
Processing by TeamController#team as HTML
  Rendering team/team.html.erb within layouts/application
  Rendered team/team.html.erb within layouts/application (3.8ms)
Completed 200 OK in 859ms (Views: 804.0ms | ActiveRecord: 0.0ms)


Started GET "/team" for 127.0.0.1 at 2018-10-29 13:53:13 +0100
  [1m[35m (0.4ms)[0m  [1m[34mSELECT "schema_migrations"."version" FROM "schema_migrations" ORDER BY "schema_migrations"."version" ASC[0m
  ↳ /Users/reaualexis/.rvm/gems/ruby-2.5.1/gems/web-console-3.7.0/lib/web_console/middleware.rb:135
Processing by TeamController#team as HTML
  Rendering team/team.html.erb within layouts/application
  Rendered team/team.html.erb within layouts/application (1.6ms)
Completed 200 OK in 596ms (Views: 510.4ms | ActiveRecord: 0.0ms)


Started GET "/welcome/first_name" for 127.0.0.1 at 2018-10-29 14:14:30 +0100
  [1m[35m (0.5ms)[0m  [1m[34mSELECT "schema_migrations"."version" FROM "schema_migrations" ORDER BY "schema_migrations"."version" ASC[0m
  ↳ /Users/reaualexis/.rvm/gems/ruby-2.5.1/gems/web-console-3.7.0/lib/web_console/middleware.rb:135
Processing by WelcomeController#first_name as HTML
  Parameters: {"first_name"=>"first_name"}
  Rendering welcome/first_name.html.erb within layouts/application
  Rendered welcome/first_name.html.erb within layouts/application (375.7ms)
Completed 500 Internal Server Error in 456ms (ActiveRecord: 0.0ms)


  
ActionView::Template::Error (undefined local variable or method `first_name' for #<#<Class:0x00007fd3a79b2b98>:0x00007fd3a79e3ba8>):
    1: <h1>BIENVENUE <%= params first_name %> !</h1>
    2: <p>Ici c'est notre super site de potins, il est chouette, non ?</p>
  
app/views/welcome/first_name.html.erb:1:in `_app_views_welcome_first_name_html_erb___3684409256205606672_70273513397400'
Started GET "/welcome/first_name" for 127.0.0.1 at 2018-10-29 14:15:09 +0100
Processing by WelcomeController#first_name as HTML
  Parameters: {"first_name"=>"first_name"}
  Rendering welcome/first_name.html.erb within layouts/application
  Rendered welcome/first_name.html.erb within layouts/application (1.0ms)
Completed 200 OK in 3122ms (Views: 3115.5ms | ActiveRecord: 0.0ms)


Started GET "/team" for 127.0.0.1 at 2018-10-29 14:16:18 +0100
Processing by TeamController#team as HTML
  Rendering team/team.html.erb within layouts/application
  Rendered team/team.html.erb within layouts/application (0.5ms)
Completed 200 OK in 465ms (Views: 417.8ms | ActiveRecord: 0.0ms)


Started GET "/contact" for 127.0.0.1 at 2018-10-29 14:16:19 +0100
Processing by ContactController#contact as HTML
  Rendering contact/contact.html.erb within layouts/application
  Rendered contact/contact.html.erb within layouts/application (0.5ms)
Completed 200 OK in 96ms (Views: 32.1ms | ActiveRecord: 0.0ms)


Started GET "/welcome/first_name" for 127.0.0.1 at 2018-10-29 14:23:20 +0100
Processing by WelcomeController#first_name as HTML
  Parameters: {"first_name_id"=>"first_name"}
  Rendering welcome/first_name.html.erb within layouts/application
  Rendered welcome/first_name.html.erb within layouts/application (2.5ms)
Completed 200 OK in 549ms (Views: 532.9ms | ActiveRecord: 0.0ms)


Started GET "/welcome/alexis" for 127.0.0.1 at 2018-10-29 14:24:02 +0100
Processing by WelcomeController#first_name as HTML
  Parameters: {"first_name_id"=>"alexis"}
  Rendering welcome/first_name.html.erb within layouts/application
  Rendered welcome/first_name.html.erb within layouts/application (0.7ms)
Completed 200 OK in 462ms (Views: 438.6ms | ActiveRecord: 0.0ms)


Started GET "/welcome/alexis" for 127.0.0.1 at 2018-10-29 14:32:08 +0100
Processing by WelcomeController#first_name as HTML
  Parameters: {"first_name_id"=>"alexis"}
Completed 500 Internal Server Error in 110ms (ActiveRecord: 0.0ms)


  
NameError (uninitialized constant WelcomeController::User):
  
app/controllers/welcome_controller.rb:4:in `first_name'
Started GET "/welcome/alexis" for 127.0.0.1 at 2018-10-29 14:33:38 +0100
Processing by WelcomeController#first_name as HTML
  Parameters: {"first_name_id"=>"alexis"}
Completed 500 Internal Server Error in 29ms (ActiveRecord: 0.0ms)


  
NameError (uninitialized constant WelcomeController::User):
  
app/controllers/welcome_controller.rb:4:in `first_name'
Started GET "/welcome/alexis" for 127.0.0.1 at 2018-10-29 14:33:56 +0100
Processing by WelcomeController#first_name as HTML
  Parameters: {"first_name_id"=>"alexis"}
  Rendering welcome/first_name.html.erb within layouts/application
  Rendered welcome/first_name.html.erb within layouts/application (0.5ms)
Completed 200 OK in 360ms (Views: 345.0ms | ActiveRecord: 0.0ms)


Started GET "/welcome/louis" for 127.0.0.1 at 2018-10-29 14:34:07 +0100
Processing by WelcomeController#first_name as HTML
  Parameters: {"first_name_id"=>"louis"}
  Rendering welcome/first_name.html.erb within layouts/application
  Rendered welcome/first_name.html.erb within layouts/application (0.4ms)
Completed 200 OK in 53ms (Views: 49.5ms | ActiveRecord: 0.0ms)


Started GET "/team" for 127.0.0.1 at 2018-10-29 14:35:24 +0100
Processing by TeamController#team as HTML
  Rendering team/team.html.erb within layouts/application
  Rendered team/team.html.erb within layouts/application (1.5ms)
Completed 200 OK in 93ms (Views: 47.8ms | ActiveRecord: 0.0ms)


Started GET "/contact" for 127.0.0.1 at 2018-10-29 14:35:24 +0100
Processing by ContactController#contact as HTML
  Rendering contact/contact.html.erb within layouts/application
  Rendered contact/contact.html.erb within layouts/application (0.8ms)
Completed 200 OK in 99ms (Views: 48.4ms | ActiveRecord: 0.0ms)


Started GET "/welcome/louis" for 127.0.0.1 at 2018-10-29 14:36:00 +0100
Processing by WelcomeController#first_name as HTML
  Parameters: {"first_name_id"=>"louis"}
  Rendering welcome/first_name.html.erb within layouts/application
  Rendered welcome/first_name.html.erb within layouts/application (0.8ms)
Completed 200 OK in 48ms (Views: 43.7ms | ActiveRecord: 0.0ms)


Started GET "/team" for 127.0.0.1 at 2018-10-29 14:39:40 +0100
Processing by TeamController#team as HTML
  Rendering team/team.html.erb within layouts/application
  Rendered team/team.html.erb within layouts/application (1.6ms)
Completed 200 OK in 692ms (Views: 654.4ms | ActiveRecord: 0.0ms)


Started GET "/contact" for 127.0.0.1 at 2018-10-29 14:39:43 +0100
Processing by ContactController#contact as HTML
  Rendering contact/contact.html.erb within layouts/application
  Rendered contact/contact.html.erb within layouts/application (0.5ms)
Completed 200 OK in 52ms (Views: 38.7ms | ActiveRecord: 0.0ms)


Started GET "/" for 127.0.0.1 at 2018-10-29 14:39:51 +0100
Processing by Rails::WelcomeController#index as HTML
  Rendering /Users/reaualexis/.rvm/rubies/ruby-2.5.1/lib/ruby/gems/2.5.0/gems/railties-5.2.1/lib/rails/templates/rails/welcome/index.html.erb
  Rendered /Users/reaualexis/.rvm/rubies/ruby-2.5.1/lib/ruby/gems/2.5.0/gems/railties-5.2.1/lib/rails/templates/rails/welcome/index.html.erb (5.0ms)
Completed 200 OK in 48ms (Views: 12.3ms | ActiveRecord: 0.0ms)


Started GET "/" for 127.0.0.1 at 2018-10-29 14:39:51 +0100
Processing by Rails::WelcomeController#index as HTML
  Rendering /Users/reaualexis/.rvm/rubies/ruby-2.5.1/lib/ruby/gems/2.5.0/gems/railties-5.2.1/lib/rails/templates/rails/welcome/index.html.erb
  Rendered /Users/reaualexis/.rvm/rubies/ruby-2.5.1/lib/ruby/gems/2.5.0/gems/railties-5.2.1/lib/rails/templates/rails/welcome/index.html.erb (6.7ms)
Completed 200 OK in 17ms (Views: 11.8ms | ActiveRecord: 0.0ms)


Started GET "/welcome/louis" for 127.0.0.1 at 2018-10-29 14:39:58 +0100
Processing by WelcomeController#first_name as HTML
  Parameters: {"first_name_id"=>"louis"}
  Rendering welcome/first_name.html.erb within layouts/application
  Rendered welcome/first_name.html.erb within layouts/application (1.2ms)
Completed 200 OK in 134ms (Views: 109.9ms | ActiveRecord: 0.0ms)


Started GET "/welcome/florian" for 127.0.0.1 at 2018-10-29 14:40:58 +0100
Processing by WelcomeController#first_name as HTML
  Parameters: {"first_name_id"=>"florian"}
  Rendering welcome/first_name.html.erb within layouts/application
  Rendered welcome/first_name.html.erb within layouts/application (0.8ms)
Completed 200 OK in 138ms (Views: 91.7ms | ActiveRecord: 0.0ms)


Started GET "/" for 127.0.0.1 at 2018-10-29 14:54:34 +0100
  [1m[35m (0.4ms)[0m  [1m[34mSELECT "schema_migrations"."version" FROM "schema_migrations" ORDER BY "schema_migrations"."version" ASC[0m
  ↳ /Users/reaualexis/.rvm/gems/ruby-2.5.1/gems/web-console-3.7.0/lib/web_console/middleware.rb:135
Processing by Rails::WelcomeController#index as HTML
  Rendering /Users/reaualexis/.rvm/rubies/ruby-2.5.1/lib/ruby/gems/2.5.0/gems/railties-5.2.1/lib/rails/templates/rails/welcome/index.html.erb
  Rendered /Users/reaualexis/.rvm/rubies/ruby-2.5.1/lib/ruby/gems/2.5.0/gems/railties-5.2.1/lib/rails/templates/rails/welcome/index.html.erb (4.8ms)
Completed 200 OK in 135ms (Views: 32.1ms | ActiveRecord: 0.0ms)


Started GET "/team" for 127.0.0.1 at 2018-10-29 14:54:43 +0100
Processing by TeamController#team as HTML
  Rendering team/team.html.erb within layouts/application
  Rendered team/team.html.erb within layouts/application (0.5ms)
Completed 200 OK in 1119ms (Views: 1083.8ms | ActiveRecord: 0.0ms)


Started GET "/contact" for 127.0.0.1 at 2018-10-29 14:54:47 +0100
Processing by ContactController#contact as HTML
  Rendering contact/contact.html.erb within layouts/application
  Rendered contact/contact.html.erb within layouts/application (0.5ms)
Completed 200 OK in 47ms (Views: 29.7ms | ActiveRecord: 0.0ms)


Started GET "/team" for 127.0.0.1 at 2018-10-29 14:54:48 +0100
Processing by TeamController#team as HTML
  Rendering team/team.html.erb within layouts/application
  Rendered team/team.html.erb within layouts/application (0.4ms)
Completed 200 OK in 35ms (Views: 30.8ms | ActiveRecord: 0.0ms)


Started GET "/contact" for 127.0.0.1 at 2018-10-29 14:54:48 +0100
Processing by ContactController#contact as HTML
  Rendering contact/contact.html.erb within layouts/application
  Rendered contact/contact.html.erb within layouts/application (0.8ms)
Completed 200 OK in 47ms (Views: 44.5ms | ActiveRecord: 0.0ms)


Started GET "/team" for 127.0.0.1 at 2018-10-29 14:54:49 +0100
Processing by TeamController#team as HTML
  Rendering team/team.html.erb within layouts/application
  Rendered team/team.html.erb within layouts/application (0.4ms)
Completed 200 OK in 43ms (Views: 39.3ms | ActiveRecord: 0.0ms)


Started GET "/" for 127.0.0.1 at 2018-10-29 14:54:49 +0100
Processing by Rails::WelcomeController#index as HTML
  Rendering /Users/reaualexis/.rvm/rubies/ruby-2.5.1/lib/ruby/gems/2.5.0/gems/railties-5.2.1/lib/rails/templates/rails/welcome/index.html.erb
  Rendered /Users/reaualexis/.rvm/rubies/ruby-2.5.1/lib/ruby/gems/2.5.0/gems/railties-5.2.1/lib/rails/templates/rails/welcome/index.html.erb (4.3ms)
Completed 200 OK in 31ms (Views: 10.2ms | ActiveRecord: 0.0ms)


Started GET "/" for 127.0.0.1 at 2018-10-29 14:54:49 +0100
Processing by Rails::WelcomeController#index as HTML
  Rendering /Users/reaualexis/.rvm/rubies/ruby-2.5.1/lib/ruby/gems/2.5.0/gems/railties-5.2.1/lib/rails/templates/rails/welcome/index.html.erb
  Rendered /Users/reaualexis/.rvm/rubies/ruby-2.5.1/lib/ruby/gems/2.5.0/gems/railties-5.2.1/lib/rails/templates/rails/welcome/index.html.erb (5.0ms)
Completed 200 OK in 16ms (Views: 10.4ms | ActiveRecord: 0.0ms)


Started GET "/" for 127.0.0.1 at 2018-10-29 14:59:53 +0100
  [1m[35m (0.7ms)[0m  [1m[34mSELECT "schema_migrations"."version" FROM "schema_migrations" ORDER BY "schema_migrations"."version" ASC[0m
  ↳ /Users/reaualexis/.rvm/gems/ruby-2.5.1/gems/web-console-3.7.0/lib/web_console/middleware.rb:135
Processing by IndexController#index as HTML
  Rendering index/index.html.erb within layouts/application
  Rendered index/index.html.erb within layouts/application (1.4ms)
Completed 200 OK in 703ms (Views: 692.6ms | ActiveRecord: 0.0ms)


Started GET "/team" for 127.0.0.1 at 2018-10-29 15:00:03 +0100
Processing by TeamController#team as HTML
  Rendering team/team.html.erb within layouts/application
  Rendered team/team.html.erb within layouts/application (0.5ms)
Completed 200 OK in 61ms (Views: 46.8ms | ActiveRecord: 0.0ms)


Started GET "/" for 127.0.0.1 at 2018-10-29 15:00:04 +0100
Processing by IndexController#index as HTML
  Rendering index/index.html.erb within layouts/application
  Rendered index/index.html.erb within layouts/application (0.5ms)
Completed 200 OK in 44ms (Views: 41.3ms | ActiveRecord: 0.0ms)


Started GET "/team" for 127.0.0.1 at 2018-10-29 15:00:04 +0100
Processing by TeamController#team as HTML
  Rendering team/team.html.erb within layouts/application
  Rendered team/team.html.erb within layouts/application (1.4ms)
Completed 200 OK in 52ms (Views: 46.8ms | ActiveRecord: 0.0ms)


Started GET "/" for 127.0.0.1 at 2018-10-29 15:00:05 +0100
Processing by IndexController#index as HTML
  Rendering index/index.html.erb within layouts/application
  Rendered index/index.html.erb within layouts/application (0.5ms)
Completed 200 OK in 71ms (Views: 67.1ms | ActiveRecord: 0.0ms)


Started GET "/" for 127.0.0.1 at 2018-10-29 15:01:48 +0100
Processing by IndexController#index as HTML
  Rendering index/index.html.erb within layouts/application
  Rendered index/index.html.erb within layouts/application (0.5ms)
Completed 200 OK in 108ms (Views: 105.7ms | ActiveRecord: 0.0ms)


Started GET "/team" for 127.0.0.1 at 2018-10-29 15:01:56 +0100
Processing by TeamController#team as HTML
  Rendering team/team.html.erb within layouts/application
  Rendered team/team.html.erb within layouts/application (0.4ms)
Completed 200 OK in 93ms (Views: 46.2ms | ActiveRecord: 0.0ms)


Started GET "/contact" for 127.0.0.1 at 2018-10-29 15:01:57 +0100
Processing by ContactController#contact as HTML
  Rendering contact/contact.html.erb within layouts/application
  Rendered contact/contact.html.erb within layouts/application (0.4ms)
Completed 200 OK in 75ms (Views: 58.0ms | ActiveRecord: 0.0ms)


Started GET "/" for 127.0.0.1 at 2018-10-29 15:01:57 +0100
Processing by IndexController#index as HTML
  Rendering index/index.html.erb within layouts/application
  Rendered index/index.html.erb within layouts/application (0.5ms)
Completed 200 OK in 54ms (Views: 48.7ms | ActiveRecord: 0.0ms)


Started GET "/team" for 127.0.0.1 at 2018-10-29 15:01:58 +0100
Processing by TeamController#team as HTML
  Rendering team/team.html.erb within layouts/application
  Rendered team/team.html.erb within layouts/application (0.5ms)
Completed 200 OK in 51ms (Views: 45.6ms | ActiveRecord: 0.0ms)


Started GET "/contact" for 127.0.0.1 at 2018-10-29 15:01:59 +0100
Processing by ContactController#contact as HTML
  Rendering contact/contact.html.erb within layouts/application
  Rendered contact/contact.html.erb within layouts/application (0.4ms)
Completed 200 OK in 63ms (Views: 57.0ms | ActiveRecord: 0.0ms)


Started GET "/" for 127.0.0.1 at 2018-10-29 15:01:59 +0100
Processing by IndexController#index as HTML
  Rendering index/index.html.erb within layouts/application
  Rendered index/index.html.erb within layouts/application (0.4ms)
Completed 200 OK in 37ms (Views: 33.4ms | ActiveRecord: 0.0ms)


Started GET "/team" for 127.0.0.1 at 2018-10-29 15:02:03 +0100
Processing by TeamController#team as HTML
  Rendering team/team.html.erb within layouts/application
  Rendered team/team.html.erb within layouts/application (0.6ms)
Completed 200 OK in 41ms (Views: 35.3ms | ActiveRecord: 0.0ms)


Started GET "/contact" for 127.0.0.1 at 2018-10-29 15:02:03 +0100
Processing by ContactController#contact as HTML
  Rendering contact/contact.html.erb within layouts/application
  Rendered contact/contact.html.erb within layouts/application (0.5ms)
Completed 200 OK in 41ms (Views: 36.4ms | ActiveRecord: 0.0ms)


Started GET "/team" for 127.0.0.1 at 2018-10-29 15:02:06 +0100
Processing by TeamController#team as HTML
  Rendering team/team.html.erb within layouts/application
  Rendered team/team.html.erb within layouts/application (0.9ms)
Completed 200 OK in 42ms (Views: 38.7ms | ActiveRecord: 0.0ms)


Started GET "/contact" for 127.0.0.1 at 2018-10-29 15:02:07 +0100
Processing by ContactController#contact as HTML
  Rendering contact/contact.html.erb within layouts/application
  Rendered contact/contact.html.erb within layouts/application (0.8ms)
Completed 200 OK in 42ms (Views: 38.4ms | ActiveRecord: 0.0ms)


Started GET "/team" for 127.0.0.1 at 2018-10-29 15:02:07 +0100
Processing by TeamController#team as HTML
  Rendering team/team.html.erb within layouts/application
  Rendered team/team.html.erb within layouts/application (0.5ms)
Completed 200 OK in 36ms (Views: 33.4ms | ActiveRecord: 0.0ms)


Started GET "/team" for 127.0.0.1 at 2018-10-29 15:02:07 +0100
Processing by TeamController#team as HTML
  Rendering team/team.html.erb within layouts/application
  Rendered team/team.html.erb within layouts/application (0.6ms)
Completed 200 OK in 43ms (Views: 38.1ms | ActiveRecord: 0.0ms)


Started GET "/contact" for 127.0.0.1 at 2018-10-29 15:02:08 +0100
Processing by ContactController#contact as HTML
  Rendering contact/contact.html.erb within layouts/application
  Rendered contact/contact.html.erb within layouts/application (0.7ms)
Completed 200 OK in 48ms (Views: 43.7ms | ActiveRecord: 0.0ms)


Started GET "/team" for 127.0.0.1 at 2018-10-29 15:02:08 +0100
Processing by TeamController#team as HTML
  Rendering team/team.html.erb within layouts/application
  Rendered team/team.html.erb within layouts/application (0.5ms)
Completed 200 OK in 40ms (Views: 35.6ms | ActiveRecord: 0.0ms)


Started GET "/contact" for 127.0.0.1 at 2018-10-29 15:02:09 +0100
Processing by ContactController#contact as HTML
  Rendering contact/contact.html.erb within layouts/application
  Rendered contact/contact.html.erb within layouts/application (0.8ms)
Completed 200 OK in 41ms (Views: 37.0ms | ActiveRecord: 0.0ms)


Started GET "/team" for 127.0.0.1 at 2018-10-29 15:02:09 +0100
Processing by TeamController#team as HTML
  Rendering team/team.html.erb within layouts/application
  Rendered team/team.html.erb within layouts/application (0.5ms)
Completed 200 OK in 38ms (Views: 34.6ms | ActiveRecord: 0.0ms)


Started GET "/contact" for 127.0.0.1 at 2018-10-29 15:02:10 +0100
Processing by ContactController#contact as HTML
  Rendering contact/contact.html.erb within layouts/application
  Rendered contact/contact.html.erb within layouts/application (0.5ms)
Completed 200 OK in 44ms (Views: 38.7ms | ActiveRecord: 0.0ms)


Started GET "/team" for 127.0.0.1 at 2018-10-29 15:02:10 +0100
Processing by TeamController#team as HTML
  Rendering team/team.html.erb within layouts/application
  Rendered team/team.html.erb within layouts/application (0.6ms)
Completed 200 OK in 42ms (Views: 37.5ms | ActiveRecord: 0.0ms)


Started GET "/" for 127.0.0.1 at 2018-10-29 15:02:10 +0100
Processing by IndexController#index as HTML
  Rendering index/index.html.erb within layouts/application
  Rendered index/index.html.erb within layouts/application (0.4ms)
Completed 200 OK in 49ms (Views: 40.5ms | ActiveRecord: 0.0ms)


Started GET "/" for 127.0.0.1 at 2018-10-29 15:02:24 +0100
Processing by IndexController#index as HTML
  Rendering index/index.html.erb within layouts/application
  Rendered index/index.html.erb within layouts/application (0.5ms)
Completed 200 OK in 37ms (Views: 34.5ms | ActiveRecord: 0.0ms)


Started GET "/" for 127.0.0.1 at 2018-10-29 15:03:22 +0100
Processing by IndexController#index as HTML
  Rendering index/index.html.erb within layouts/application
  Rendered index/index.html.erb within layouts/application (0.4ms)
Completed 200 OK in 577ms (Views: 562.7ms | ActiveRecord: 0.0ms)


Started GET "/team" for 127.0.0.1 at 2018-10-29 15:03:59 +0100
Processing by TeamController#team as HTML
  Rendering team/team.html.erb within layouts/application
  Rendered team/team.html.erb within layouts/application (0.5ms)
Completed 200 OK in 95ms (Views: 59.1ms | ActiveRecord: 0.0ms)


Started GET "/contact" for 127.0.0.1 at 2018-10-29 15:04:00 +0100
Processing by ContactController#contact as HTML
  Rendering contact/contact.html.erb within layouts/application
  Rendered contact/contact.html.erb within layouts/application (0.4ms)
Completed 200 OK in 80ms (Views: 43.0ms | ActiveRecord: 0.0ms)


Started GET "/" for 127.0.0.1 at 2018-10-29 15:04:01 +0100
Processing by IndexController#index as HTML
  Rendering index/index.html.erb within layouts/application
  Rendered index/index.html.erb within layouts/application (0.5ms)
Completed 200 OK in 74ms (Views: 49.3ms | ActiveRecord: 0.0ms)


Started GET "/" for 127.0.0.1 at 2018-10-29 15:05:41 +0100
Processing by IndexController#index as HTML
  Rendering index/index.html.erb within layouts/application
  Rendered index/index.html.erb within layouts/application (0.4ms)
Completed 200 OK in 62ms (Views: 59.5ms | ActiveRecord: 0.0ms)


Started GET "/" for 127.0.0.1 at 2018-10-29 15:06:14 +0100
Processing by IndexController#index as HTML
  Rendering index/index.html.erb within layouts/application
  Rendered index/index.html.erb within layouts/application (0.5ms)
Completed 200 OK in 52ms (Views: 48.6ms | ActiveRecord: 0.0ms)


Started GET "/team" for 127.0.0.1 at 2018-10-29 15:06:22 +0100
Processing by TeamController#team as HTML
  Rendering team/team.html.erb within layouts/application
  Rendered team/team.html.erb within layouts/application (0.4ms)
Completed 200 OK in 79ms (Views: 32.3ms | ActiveRecord: 0.0ms)


Started GET "/" for 127.0.0.1 at 2018-10-29 15:06:23 +0100
Processing by IndexController#index as HTML
  Rendering index/index.html.erb within layouts/application
  Rendered index/index.html.erb within layouts/application (0.5ms)
Completed 200 OK in 50ms (Views: 46.5ms | ActiveRecord: 0.0ms)


Started GET "/contact" for 127.0.0.1 at 2018-10-29 15:06:24 +0100
Processing by ContactController#contact as HTML
  Rendering contact/contact.html.erb within layouts/application
  Rendered contact/contact.html.erb within layouts/application (0.4ms)
Completed 200 OK in 94ms (Views: 34.7ms | ActiveRecord: 0.0ms)


Started GET "/" for 127.0.0.1 at 2018-10-29 15:06:25 +0100
Processing by IndexController#index as HTML
  Rendering index/index.html.erb within layouts/application
  Rendered index/index.html.erb within layouts/application (0.8ms)
Completed 200 OK in 42ms (Views: 38.0ms | ActiveRecord: 0.0ms)


Started GET "/" for 127.0.0.1 at 2018-10-29 15:06:52 +0100
Processing by IndexController#index as HTML
  Rendering index/index.html.erb within layouts/application
  Rendered index/index.html.erb within layouts/application (0.7ms)
Completed 200 OK in 44ms (Views: 41.3ms | ActiveRecord: 0.0ms)


Started GET "/" for 127.0.0.1 at 2018-10-29 15:06:53 +0100
Processing by IndexController#index as HTML
  Rendering index/index.html.erb within layouts/application
  Rendered index/index.html.erb within layouts/application (1.0ms)
Completed 200 OK in 40ms (Views: 36.3ms | ActiveRecord: 0.0ms)


Started GET "/contact" for 127.0.0.1 at 2018-10-29 15:06:53 +0100
Processing by ContactController#contact as HTML
  Rendering contact/contact.html.erb within layouts/application
  Rendered contact/contact.html.erb within layouts/application (0.7ms)
Completed 200 OK in 47ms (Views: 43.8ms | ActiveRecord: 0.0ms)


Started GET "/" for 127.0.0.1 at 2018-10-29 15:06:54 +0100
Processing by IndexController#index as HTML
  Rendering index/index.html.erb within layouts/application
  Rendered index/index.html.erb within layouts/application (0.4ms)
Completed 200 OK in 38ms (Views: 34.8ms | ActiveRecord: 0.0ms)


Started GET "/" for 127.0.0.1 at 2018-10-29 15:11:52 +0100
Processing by IndexController#index as HTML
Completed 500 Internal Server Error in 1ms (ActiveRecord: 0.0ms)


  
ArgumentError (wrong number of arguments (given 2, expected 1)):
  
app/controllers/index_controller.rb:3:in `index'
Started GET "/" for 127.0.0.1 at 2018-10-29 15:12:18 +0100
Processing by IndexController#index as HTML
Completed 500 Internal Server Error in 226ms (ActiveRecord: 0.0ms)


  
NameError (undefined local variable or method `gossips' for #<IndexController:0x00007f80d5cb7ac0>):
  
app/controllers/index_controller.rb:3:in `index'
Started GET "/" for 127.0.0.1 at 2018-10-29 15:13:50 +0100
Processing by IndexController#index as HTML
  Rendering index/index.html.erb within layouts/application
  Rendered index/index.html.erb within layouts/application (0.5ms)
Completed 200 OK in 713ms (Views: 625.2ms | ActiveRecord: 0.0ms)


Started GET "/" for 127.0.0.1 at 2018-10-29 15:14:01 +0100
Processing by IndexController#index as HTML
  [1m[36mGossip Load (35.7ms)[0m  [1m[34mSELECT  "gossips".* FROM "gossips" LIMIT ?[0m  [["LIMIT", 11]]
  ↳ /Users/reaualexis/.rvm/gems/ruby-2.5.1/gems/web-console-3.7.0/lib/web_console/middleware.rb:135
Completed 500 Internal Server Error in 108ms (ActiveRecord: 0.0ms)


  
  [1m[36mCACHE Gossip Load (0.0ms)[0m  [1m[34mSELECT  "gossips".* FROM "gossips" LIMIT ?[0m  [["LIMIT", 11]]
  ↳ /Users/reaualexis/.rvm/gems/ruby-2.5.1/gems/web-console-3.7.0/lib/web_console/extensions.rb:28
NoMethodError (undefined method `text' for #<Gossip::ActiveRecord_Relation:0x00007f80d705b810>):
  
app/controllers/index_controller.rb:3:in `index'
Started GET "/" for 127.0.0.1 at 2018-10-29 15:14:14 +0100
Processing by IndexController#index as HTML
  [1m[36mGossip Load (26.4ms)[0m  [1m[34mSELECT  "gossips".* FROM "gossips" LIMIT ?[0m  [["LIMIT", 11]]
  ↳ /Users/reaualexis/.rvm/gems/ruby-2.5.1/gems/web-console-3.7.0/lib/web_console/middleware.rb:135
Completed 500 Internal Server Error in 48ms (ActiveRecord: 0.0ms)


  
  [1m[36mCACHE Gossip Load (0.0ms)[0m  [1m[34mSELECT  "gossips".* FROM "gossips" LIMIT ?[0m  [["LIMIT", 11]]
  ↳ /Users/reaualexis/.rvm/gems/ruby-2.5.1/gems/web-console-3.7.0/lib/web_console/extensions.rb:28
NoMethodError (undefined method `author' for #<Gossip::ActiveRecord_Relation:0x00007f80d7601418>):
  
app/controllers/index_controller.rb:3:in `index'
Started GET "/" for 127.0.0.1 at 2018-10-29 15:14:31 +0100
Processing by IndexController#index as HTML
  Rendering index/index.html.erb within layouts/application
  Rendered index/index.html.erb within layouts/application (0.5ms)
Completed 200 OK in 545ms (Views: 490.7ms | ActiveRecord: 0.0ms)


Started GET "/" for 127.0.0.1 at 2018-10-29 15:15:28 +0100
Processing by IndexController#index as HTML
Completed 500 Internal Server Error in 12ms (ActiveRecord: 0.0ms)


  
NoMethodError (undefined method `author' for #<Class:0x00007f80d7688878>):
  
app/controllers/index_controller.rb:3:in `index'
Started GET "/" for 127.0.0.1 at 2018-10-29 15:16:49 +0100
Processing by IndexController#index as HTML
Completed 500 Internal Server Error in 216ms (ActiveRecord: 0.0ms)


  
NameError (undefined local variable or method `author' for #<IndexController:0x00007f80d73535b8>):
  
app/controllers/index_controller.rb:3:in `index'
Started GET "/" for 127.0.0.1 at 2018-10-29 15:18:09 +0100
Processing by IndexController#index as HTML
Completed 404 Not Found in 17ms (ActiveRecord: 0.5ms)


  
ActiveRecord::RecordNotFound (Couldn't find Gossip without an ID):
  
app/controllers/index_controller.rb:3:in `index'
Started GET "/" for 127.0.0.1 at 2018-10-29 15:18:22 +0100
Processing by IndexController#index as HTML
  [1m[36mGossip Load (12.8ms)[0m  [1m[34mSELECT  "gossips".* FROM "gossips" WHERE "gossips"."id" = ? LIMIT ?[0m  [["id", 1], ["LIMIT", 1]]
  ↳ app/controllers/index_controller.rb:3
  Rendering index/index.html.erb within layouts/application
  Rendered index/index.html.erb within layouts/application (1.1ms)
Completed 200 OK in 457ms (Views: 368.8ms | ActiveRecord: 13.6ms)


Started GET "/" for 127.0.0.1 at 2018-10-29 15:19:29 +0100
Processing by IndexController#index as HTML
  [1m[36mGossip Load (36.0ms)[0m  [1m[34mSELECT  "gossips".* FROM "gossips" WHERE "gossips"."id" BETWEEN ? AND ? LIMIT ?[0m  [["id", 1], ["id", 10], ["LIMIT", 1]]
  ↳ app/controllers/index_controller.rb:3
  Rendering index/index.html.erb within layouts/application
  Rendered index/index.html.erb within layouts/application (0.6ms)
Completed 200 OK in 446ms (Views: 335.4ms | ActiveRecord: 36.9ms)


Started GET "/" for 127.0.0.1 at 2018-10-29 15:19:44 +0100
Processing by IndexController#index as HTML
Completed 500 Internal Server Error in 15ms (ActiveRecord: 0.0ms)


  
NoMethodError (undefined method `each' for #<Class:0x00007f80d39e85a8>):
  
app/controllers/index_controller.rb:3:in `index'
Started GET "/" for 127.0.0.1 at 2018-10-29 15:19:56 +0100
Processing by IndexController#index as HTML
  [1m[36mGossip Load (13.9ms)[0m  [1m[34mSELECT  "gossips".* FROM "gossips" WHERE "gossips"."id" BETWEEN ? AND ? LIMIT ?[0m  [["id", 1], ["id", 10], ["LIMIT", 1]]
  ↳ app/controllers/index_controller.rb:3
  Rendering index/index.html.erb within layouts/application
  Rendered index/index.html.erb within layouts/application (0.4ms)
Completed 200 OK in 187ms (Views: 131.5ms | ActiveRecord: 15.0ms)


Started GET "/" for 127.0.0.1 at 2018-10-29 15:24:34 +0100
Processing by IndexController#index as HTML
  Rendering index/index.html.erb within layouts/application
  [1m[36mGossip Load (33.6ms)[0m  [1m[34mSELECT "gossips".* FROM "gossips"[0m
  ↳ app/views/index/index.html.erb:9
  Rendered index/index.html.erb within layouts/application (58.1ms)
Completed 200 OK in 587ms (Views: 534.8ms | ActiveRecord: 35.1ms)


Started GET "/" for 127.0.0.1 at 2018-10-29 15:26:28 +0100
Processing by IndexController#index as HTML
  Rendering index/index.html.erb within layouts/application
  [1m[36mGossip Load (36.6ms)[0m  [1m[34mSELECT "gossips".* FROM "gossips"[0m
  ↳ app/views/index/index.html.erb:9
  Rendered index/index.html.erb within layouts/application (41.7ms)
Completed 200 OK in 610ms (Views: 570.3ms | ActiveRecord: 36.6ms)


Started GET "/" for 127.0.0.1 at 2018-10-29 15:28:26 +0100
Processing by IndexController#index as HTML
  Rendering index/index.html.erb within layouts/application
  [1m[36mGossip Load (59.4ms)[0m  [1m[34mSELECT "gossips".* FROM "gossips"[0m
  ↳ app/views/index/index.html.erb:10
  Rendered index/index.html.erb within layouts/application (457.2ms)
Completed 500 Internal Server Error in 483ms (ActiveRecord: 59.4ms)


  
ActionView::Template::Error (undefined local variable or method `gossip' for #<#<Class:0x00007f80d7bbbd90>:0x00007f80d5b17da0>
Did you mean?  @all_gossips):
    14:   <% end %>
    15: </table>
    16: 
    17: <td><%= gossip.author %></td>
  
app/views/index/index.html.erb:17:in `_app_views_index_index_html_erb__654632576678470769_70095658871420'
Started GET "/" for 127.0.0.1 at 2018-10-29 15:28:40 +0100
Processing by IndexController#index as HTML
  Rendering index/index.html.erb within layouts/application
  [1m[36mGossip Load (14.6ms)[0m  [1m[34mSELECT "gossips".* FROM "gossips"[0m
  ↳ app/views/index/index.html.erb:10
  Rendered index/index.html.erb within layouts/application (18.6ms)
Completed 200 OK in 420ms (Views: 400.9ms | ActiveRecord: 14.6ms)


Started GET "/" for 127.0.0.1 at 2018-10-29 15:28:57 +0100
Processing by IndexController#index as HTML
  Rendering index/index.html.erb within layouts/application
  [1m[36mGossip Load (15.4ms)[0m  [1m[34mSELECT "gossips".* FROM "gossips"[0m
  ↳ app/views/index/index.html.erb:10
  Rendered index/index.html.erb within layouts/application (17.5ms)
Completed 200 OK in 138ms (Views: 119.9ms | ActiveRecord: 15.4ms)


Started GET "/" for 127.0.0.1 at 2018-10-29 15:30:38 +0100
Processing by IndexController#index as HTML
  Rendering index/index.html.erb within layouts/application
  [1m[36mGossip Load (37.3ms)[0m  [1m[34mSELECT "gossips".* FROM "gossips"[0m
  ↳ app/views/index/index.html.erb:10
  Rendered index/index.html.erb within layouts/application (39.3ms)
Started GET "/team" for 127.0.0.1 at 2018-10-29 15:30:39 +0100
Completed 200 OK in 721ms (Views: 678.7ms | ActiveRecord: 37.3ms)


Processing by TeamController#team as HTML
  Rendering team/team.html.erb within layouts/application
  Rendered team/team.html.erb within layouts/application (0.5ms)
Completed 200 OK in 98ms (Views: 39.8ms | ActiveRecord: 0.0ms)


Started GET "/contact" for 127.0.0.1 at 2018-10-29 15:30:40 +0100
Processing by ContactController#contact as HTML
  Rendering contact/contact.html.erb within layouts/application
  Rendered contact/contact.html.erb within layouts/application (0.5ms)
Completed 200 OK in 72ms (Views: 43.6ms | ActiveRecord: 0.0ms)


Started GET "/" for 127.0.0.1 at 2018-10-29 15:30:41 +0100
Processing by IndexController#index as HTML
  Rendering index/index.html.erb within layouts/application
  [1m[36mGossip Load (0.6ms)[0m  [1m[34mSELECT "gossips".* FROM "gossips"[0m
  ↳ app/views/index/index.html.erb:10
  Rendered index/index.html.erb within layouts/application (2.9ms)
Completed 200 OK in 61ms (Views: 54.7ms | ActiveRecord: 0.6ms)


Started GET "/" for 127.0.0.1 at 2018-10-29 16:05:48 +0100
  [1m[35m (0.6ms)[0m  [1m[34mSELECT "schema_migrations"."version" FROM "schema_migrations" ORDER BY "schema_migrations"."version" ASC[0m
  ↳ /Users/reaualexis/.rvm/gems/ruby-2.5.1/gems/web-console-3.7.0/lib/web_console/middleware.rb:135
Processing by IndexController#index as HTML
  Rendering index/index.html.erb within layouts/application
  [1m[36mGossip Load (42.5ms)[0m  [1m[34mSELECT "gossips".* FROM "gossips"[0m
  ↳ app/views/index/index.html.erb:11
  Rendered index/index.html.erb within layouts/application (61.6ms)
Completed 200 OK in 1111ms (Views: 910.6ms | ActiveRecord: 43.5ms)


Started GET "/" for 127.0.0.1 at 2018-10-29 16:06:07 +0100
Processing by IndexController#index as HTML
  Rendering index/index.html.erb within layouts/application
  [1m[36mGossip Load (0.4ms)[0m  [1m[34mSELECT "gossips".* FROM "gossips"[0m
  ↳ app/views/index/index.html.erb:11
  Rendered index/index.html.erb within layouts/application (2.9ms)
Completed 200 OK in 39ms (Views: 34.8ms | ActiveRecord: 0.4ms)


Started GET "/team" for 127.0.0.1 at 2018-10-29 16:07:21 +0100
Processing by TeamController#team as HTML
  Rendering team/team.html.erb within layouts/application
  Rendered team/team.html.erb within layouts/application (0.5ms)
Completed 200 OK in 56ms (Views: 43.1ms | ActiveRecord: 0.0ms)


Started GET "/contact" for 127.0.0.1 at 2018-10-29 16:07:22 +0100
Processing by ContactController#contact as HTML
  Rendering contact/contact.html.erb within layouts/application
  Rendered contact/contact.html.erb within layouts/application (0.4ms)
Completed 200 OK in 127ms (Views: 110.6ms | ActiveRecord: 0.0ms)


Started GET "/" for 127.0.0.1 at 2018-10-29 16:07:23 +0100
Processing by IndexController#index as HTML
  Rendering index/index.html.erb within layouts/application
  [1m[36mGossip Load (0.5ms)[0m  [1m[34mSELECT "gossips".* FROM "gossips"[0m
  ↳ app/views/index/index.html.erb:11
  Rendered index/index.html.erb within layouts/application (2.6ms)
Completed 200 OK in 41ms (Views: 35.8ms | ActiveRecord: 0.5ms)


Started GET "/" for 127.0.0.1 at 2018-10-29 16:07:41 +0100
Processing by IndexController#index as HTML
  Rendering index/index.html.erb within layouts/application
  [1m[36mGossip Load (0.2ms)[0m  [1m[34mSELECT "gossips".* FROM "gossips"[0m
  ↳ app/views/index/index.html.erb:11
  Rendered index/index.html.erb within layouts/application (2.4ms)
Completed 200 OK in 46ms (Views: 42.7ms | ActiveRecord: 0.2ms)


Started GET "/" for 127.0.0.1 at 2018-10-29 16:07:43 +0100
Processing by IndexController#index as HTML
  Rendering index/index.html.erb within layouts/application
  [1m[36mGossip Load (0.4ms)[0m  [1m[34mSELECT "gossips".* FROM "gossips"[0m
  ↳ app/views/index/index.html.erb:11
  Rendered index/index.html.erb within layouts/application (3.0ms)
Completed 200 OK in 43ms (Views: 40.2ms | ActiveRecord: 0.4ms)


Started GET "/" for 127.0.0.1 at 2018-10-29 16:07:44 +0100
Processing by IndexController#index as HTML
  Rendering index/index.html.erb within layouts/application
  [1m[36mGossip Load (0.4ms)[0m  [1m[34mSELECT "gossips".* FROM "gossips"[0m
  ↳ app/views/index/index.html.erb:11
  Rendered index/index.html.erb within layouts/application (2.6ms)
Completed 200 OK in 56ms (Views: 50.9ms | ActiveRecord: 0.4ms)


Started GET "/" for 127.0.0.1 at 2018-10-29 16:07:44 +0100
Processing by IndexController#index as HTML
  Rendering index/index.html.erb within layouts/application
  [1m[36mGossip Load (0.3ms)[0m  [1m[34mSELECT "gossips".* FROM "gossips"[0m
  ↳ app/views/index/index.html.erb:11
  Rendered index/index.html.erb within layouts/application (2.5ms)
Completed 200 OK in 57ms (Views: 52.7ms | ActiveRecord: 0.3ms)


Started GET "/" for 127.0.0.1 at 2018-10-29 16:21:06 +0100
  [1m[35m (15.5ms)[0m  [1m[34mSELECT "schema_migrations"."version" FROM "schema_migrations" ORDER BY "schema_migrations"."version" ASC[0m
  ↳ /Users/reaualexis/.rvm/gems/ruby-2.5.1/gems/web-console-3.7.0/lib/web_console/middleware.rb:135
Processing by IndexController#index as HTML
  Rendering index/index.html.erb within layouts/application
  [1m[36mGossip Load (0.3ms)[0m  [1m[34mSELECT "gossips".* FROM "gossips"[0m
  ↳ app/views/index/index.html.erb:11
  Rendered index/index.html.erb within layouts/application (67.0ms)
Completed 500 Internal Server Error in 161ms (ActiveRecord: 1.2ms)


  
ActionView::Template::Error (undefined method `to_model' for 1:Integer
Did you mean?  to_yaml):
    12:     <tr>
    13:       <td><%= gossip.author %></td>
    14:       <td><%= gossip.content %></td>
    15:       <td><%= link_to "clique ici", gossip.id %></td>
    16:     </tr>
    17:   <% end %>
    18: </table>
  
app/views/index/index.html.erb:15:in `block in _app_views_index_index_html_erb__1458094859740808235_70122769733120'
app/views/index/index.html.erb:11:in `_app_views_index_index_html_erb__1458094859740808235_70122769733120'
Started GET "/" for 127.0.0.1 at 2018-10-29 16:23:11 +0100
Processing by IndexController#index as HTML
  Rendering index/index.html.erb within layouts/application
  [1m[36mGossip Load (0.4ms)[0m  [1m[34mSELECT "gossips".* FROM "gossips"[0m
  ↳ app/views/index/index.html.erb:11
  Rendered index/index.html.erb within layouts/application (12.3ms)
Completed 200 OK in 1198ms (Views: 1164.9ms | ActiveRecord: 1.4ms)


Started GET "/" for 127.0.0.1 at 2018-10-29 16:24:47 +0100
Processing by IndexController#index as HTML
  Rendering index/index.html.erb within layouts/application
  [1m[36mGossip Load (0.4ms)[0m  [1m[34mSELECT "gossips".* FROM "gossips"[0m
  ↳ app/views/index/index.html.erb:11
  Rendered index/index.html.erb within layouts/application (10.9ms)
Completed 200 OK in 1013ms (Views: 946.3ms | ActiveRecord: 1.4ms)


Started GET "/potin/:id" for 127.0.0.1 at 2018-10-29 16:24:54 +0100
Processing by PotinController#potin as HTML
  Parameters: {"id"=>":id"}
  Rendering potin/potin.html.erb within layouts/application
  Rendered potin/potin.html.erb within layouts/application (0.8ms)
Completed 200 OK in 109ms (Views: 72.1ms | ActiveRecord: 0.0ms)


Started GET "/potin/:id" for 127.0.0.1 at 2018-10-29 16:25:00 +0100
Processing by PotinController#potin as HTML
  Parameters: {"id"=>":id"}
  Rendering potin/potin.html.erb within layouts/application
  Rendered potin/potin.html.erb within layouts/application (0.4ms)
Completed 200 OK in 114ms (Views: 109.6ms | ActiveRecord: 0.0ms)


Started GET "/potin/:id" for 127.0.0.1 at 2018-10-29 16:25:02 +0100
Processing by PotinController#potin as HTML
  Parameters: {"id"=>":id"}
  Rendering potin/potin.html.erb within layouts/application
  Rendered potin/potin.html.erb within layouts/application (0.6ms)
Completed 200 OK in 49ms (Views: 44.2ms | ActiveRecord: 0.0ms)


Started GET "/potin/:id" for 127.0.0.1 at 2018-10-29 16:28:11 +0100
Processing by PotinController#potin as HTML
  Parameters: {"id"=>":id"}
  Rendering potin/potin.html.erb within layouts/application
  Rendered potin/potin.html.erb within layouts/application (0.8ms)
Completed 200 OK in 580ms (Views: 575.9ms | ActiveRecord: 0.0ms)


Started GET "/" for 127.0.0.1 at 2018-10-29 16:28:14 +0100
Processing by IndexController#index as HTML
  Rendering index/index.html.erb within layouts/application
  [1m[36mGossip Load (0.3ms)[0m  [1m[34mSELECT "gossips".* FROM "gossips"[0m
  ↳ app/views/index/index.html.erb:11
  Rendered index/index.html.erb within layouts/application (12.1ms)
Completed 200 OK in 142ms (Views: 51.1ms | ActiveRecord: 1.5ms)


Started GET "/potin/:id" for 127.0.0.1 at 2018-10-29 16:28:19 +0100
Processing by PotinController#potin as HTML
  Parameters: {"id"=>":id"}
  Rendering potin/potin.html.erb within layouts/application
  Rendered potin/potin.html.erb within layouts/application (0.6ms)
Completed 200 OK in 60ms (Views: 55.0ms | ActiveRecord: 0.0ms)


Started GET "/potin/:id" for 127.0.0.1 at 2018-10-29 16:28:22 +0100
Processing by PotinController#potin as HTML
  Parameters: {"id"=>":id"}
  Rendering potin/potin.html.erb within layouts/application
  Rendered potin/potin.html.erb within layouts/application (0.7ms)
Completed 200 OK in 43ms (Views: 39.7ms | ActiveRecord: 0.0ms)


Started GET "/potin/:id" for 127.0.0.1 at 2018-10-29 16:28:24 +0100
Processing by PotinController#potin as HTML
  Parameters: {"id"=>":id"}
  Rendering potin/potin.html.erb within layouts/application
  Rendered potin/potin.html.erb within layouts/application (0.5ms)
Completed 200 OK in 46ms (Views: 42.7ms | ActiveRecord: 0.0ms)


Started GET "/" for 127.0.0.1 at 2018-10-29 16:30:09 +0100
Processing by IndexController#index as HTML
  Rendering index/index.html.erb within layouts/application
  [1m[36mGossip Load (0.3ms)[0m  [1m[34mSELECT "gossips".* FROM "gossips"[0m
  ↳ app/views/index/index.html.erb:11
  Rendered index/index.html.erb within layouts/application (1.9ms)
Completed 200 OK in 661ms (Views: 657.3ms | ActiveRecord: 0.3ms)


Started GET "/potin/gossip.id" for 127.0.0.1 at 2018-10-29 16:30:15 +0100
Processing by PotinController#potin as 
  Parameters: {"id"=>"gossip"}
  Rendering potin/potin.html.erb within layouts/application
  Rendered potin/potin.html.erb within layouts/application (0.5ms)
Completed 200 OK in 112ms (Views: 59.5ms | ActiveRecord: 0.0ms)


Started GET "/" for 127.0.0.1 at 2018-10-29 16:32:13 +0100
Processing by IndexController#index as HTML
  Rendering index/index.html.erb within layouts/application
  Rendered index/index.html.erb within layouts/application (131.1ms)
Completed 500 Internal Server Error in 169ms (ActiveRecord: 0.0ms)


  
SyntaxError (/Users/reaualexis/The_Gossip_Project/app/views/index/index.html.erb:15: unknown regexp options - gp):
  
app/views/index/index.html.erb:15: unknown regexp options - gp
Started GET "/" for 127.0.0.1 at 2018-10-29 16:32:28 +0100
Processing by IndexController#index as HTML
  Rendering index/index.html.erb within layouts/application
  [1m[36mGossip Load (1.8ms)[0m  [1m[34mSELECT "gossips".* FROM "gossips"[0m
  ↳ app/views/index/index.html.erb:11
  Rendered index/index.html.erb within layouts/application (454.1ms)
Completed 500 Internal Server Error in 472ms (ActiveRecord: 1.8ms)


  
ActionView::Template::Error (undefined local variable or method `le_fameux_path' for #<#<Class:0x00007f8d714b7980>:0x00007f8d711777c0>):
    19: </table>
    20: 
    21: 
    22: <!-- <%= link_to "clique ici", le_fameux_path %> -->
    23: <!-- <td><a href="/potin/gossip.id">Voir plus</a></td> -->
  
app/views/index/index.html.erb:22:in `_app_views_index_index_html_erb__1458094859740808235_70122771226720'
Started GET "/" for 127.0.0.1 at 2018-10-29 16:32:43 +0100
Processing by IndexController#index as HTML
  Rendering index/index.html.erb within layouts/application
  [1m[36mGossip Load (0.3ms)[0m  [1m[34mSELECT "gossips".* FROM "gossips"[0m
  ↳ app/views/index/index.html.erb:11
  Rendered index/index.html.erb within layouts/application (2.4ms)
Completed 200 OK in 445ms (Views: 441.8ms | ActiveRecord: 0.3ms)


Started GET "/potin/gossip.id" for 127.0.0.1 at 2018-10-29 16:32:48 +0100
Processing by PotinController#potin as 
  Parameters: {"id"=>"gossip"}
  Rendering potin/potin.html.erb within layouts/application
  Rendered potin/potin.html.erb within layouts/application (0.4ms)
Completed 200 OK in 136ms (Views: 69.6ms | ActiveRecord: 0.0ms)


Started GET "/" for 127.0.0.1 at 2018-10-29 16:33:30 +0100
Processing by IndexController#index as HTML
  Rendering index/index.html.erb within layouts/application
  [1m[36mGossip Load (0.6ms)[0m  [1m[34mSELECT "gossips".* FROM "gossips"[0m
  ↳ app/views/index/index.html.erb:11
  Rendered index/index.html.erb within layouts/application (3.5ms)
Completed 200 OK in 64ms (Views: 57.7ms | ActiveRecord: 0.6ms)


Started GET "/potin/1" for 127.0.0.1 at 2018-10-29 16:33:37 +0100
Processing by PotinController#potin as HTML
  Parameters: {"id"=>"1"}
  Rendering potin/potin.html.erb within layouts/application
  Rendered potin/potin.html.erb within layouts/application (0.5ms)
Completed 200 OK in 34ms (Views: 31.9ms | ActiveRecord: 0.0ms)


Started GET "/potin/1" for 127.0.0.1 at 2018-10-29 16:33:56 +0100
Processing by PotinController#potin as HTML
  Parameters: {"id"=>"1"}
  Rendering potin/potin.html.erb within layouts/application
  Rendered potin/potin.html.erb within layouts/application (1.2ms)
Completed 200 OK in 46ms (Views: 43.5ms | ActiveRecord: 0.0ms)


Started GET "/" for 127.0.0.1 at 2018-10-29 16:33:58 +0100
Processing by IndexController#index as HTML
  Rendering index/index.html.erb within layouts/application
  [1m[36mGossip Load (0.5ms)[0m  [1m[34mSELECT "gossips".* FROM "gossips"[0m
  ↳ app/views/index/index.html.erb:11
  Rendered index/index.html.erb within layouts/application (2.9ms)
Completed 200 OK in 40ms (Views: 37.3ms | ActiveRecord: 0.5ms)


Started GET "/potin/3" for 127.0.0.1 at 2018-10-29 16:34:00 +0100
Processing by PotinController#potin as HTML
  Parameters: {"id"=>"3"}
  Rendering potin/potin.html.erb within layouts/application
  Rendered potin/potin.html.erb within layouts/application (0.4ms)
Completed 200 OK in 38ms (Views: 33.1ms | ActiveRecord: 0.0ms)


Started GET "/" for 127.0.0.1 at 2018-10-29 16:34:18 +0100
Processing by IndexController#index as HTML
  Rendering index/index.html.erb within layouts/application
  [1m[36mGossip Load (0.3ms)[0m  [1m[34mSELECT "gossips".* FROM "gossips"[0m
  ↳ app/views/index/index.html.erb:11
  Rendered index/index.html.erb within layouts/application (2.1ms)
Completed 200 OK in 42ms (Views: 37.7ms | ActiveRecord: 0.3ms)


Started GET "/potin/1" for 127.0.0.1 at 2018-10-29 16:35:53 +0100
Processing by PotinController#potin as HTML
  Parameters: {"id"=>"1"}
  Rendering potin/potin.html.erb within layouts/application
  Rendered potin/potin.html.erb within layouts/application (0.7ms)
Completed 200 OK in 525ms (Views: 471.2ms | ActiveRecord: 0.0ms)


Started GET "/" for 127.0.0.1 at 2018-10-29 16:35:56 +0100
Processing by IndexController#index as HTML
  Rendering index/index.html.erb within layouts/application
  [1m[36mGossip Load (0.9ms)[0m  [1m[34mSELECT "gossips".* FROM "gossips"[0m
  ↳ app/views/index/index.html.erb:11
  Rendered index/index.html.erb within layouts/application (4.9ms)
Completed 200 OK in 73ms (Views: 55.3ms | ActiveRecord: 0.9ms)


Started GET "/potin/7" for 127.0.0.1 at 2018-10-29 16:35:57 +0100
Processing by PotinController#potin as HTML
  Parameters: {"id"=>"7"}
  Rendering potin/potin.html.erb within layouts/application
  Rendered potin/potin.html.erb within layouts/application (0.6ms)
Completed 200 OK in 48ms (Views: 45.6ms | ActiveRecord: 0.0ms)


Started GET "/potin/7" for 127.0.0.1 at 2018-10-29 16:43:26 +0100
Processing by PotinController#potin as HTML
  Parameters: {"id"=>"7"}
Completed 500 Internal Server Error in 3ms (ActiveRecord: 0.0ms)


  
NoMethodError (undefined method `/' for :author:Symbol):
  
app/controllers/potin_controller.rb:4:in `potin'
Started GET "/potin/7" for 127.0.0.1 at 2018-10-29 16:43:42 +0100
Processing by PotinController#potin as HTML
  Parameters: {"id"=>"7"}
Completed 500 Internal Server Error in 2ms (ActiveRecord: 0.0ms)


  
ArgumentError (wrong number of arguments (given 2, expected 1)):
  
app/controllers/potin_controller.rb:4:in `potin'
Started GET "/" for 127.0.0.1 at 2018-10-29 16:43:57 +0100
Processing by IndexController#index as HTML
  Rendering index/index.html.erb within layouts/application
  [1m[36mGossip Load (0.5ms)[0m  [1m[34mSELECT "gossips".* FROM "gossips"[0m
  ↳ app/views/index/index.html.erb:11
  Rendered index/index.html.erb within layouts/application (14.4ms)
Completed 200 OK in 521ms (Views: 446.3ms | ActiveRecord: 1.4ms)


Started GET "/potin/1" for 127.0.0.1 at 2018-10-29 16:44:00 +0100
Processing by PotinController#potin as HTML
  Parameters: {"id"=>"1"}
Completed 500 Internal Server Error in 1ms (ActiveRecord: 0.0ms)


  
ArgumentError (wrong number of arguments (given 2, expected 1)):
  
app/controllers/potin_controller.rb:4:in `potin'
Started GET "/potin/1" for 127.0.0.1 at 2018-10-29 16:46:01 +0100
Processing by PotinController#potin as HTML
  Parameters: {"id"=>"1"}
Completed 500 Internal Server Error in 2ms (ActiveRecord: 0.0ms)


  
NoMethodError (undefined method `id' for :author:Symbol):
  
app/controllers/potin_controller.rb:4:in `potin'
Started GET "/potin/1" for 127.0.0.1 at 2018-10-29 16:49:18 +0100
Processing by PotinController#potin as HTML
  Parameters: {"id"=>"1"}
  Rendering potin/potin.html.erb within layouts/application
  Rendered potin/potin.html.erb within layouts/application (0.6ms)
Completed 200 OK in 668ms (Views: 631.5ms | ActiveRecord: 0.0ms)


Started GET "/potin/1" for 127.0.0.1 at 2018-10-29 16:49:39 +0100
Processing by PotinController#potin as HTML
  Parameters: {"id"=>"1"}
  Rendering potin/potin.html.erb within layouts/application
  Rendered potin/potin.html.erb within layouts/application (0.4ms)
Completed 200 OK in 42ms (Views: 38.5ms | ActiveRecord: 0.0ms)


Started GET "/" for 127.0.0.1 at 2018-10-29 16:49:41 +0100
Processing by IndexController#index as HTML
  Rendering index/index.html.erb within layouts/application
  [1m[36mGossip Load (0.5ms)[0m  [1m[34mSELECT "gossips".* FROM "gossips"[0m
  ↳ app/views/index/index.html.erb:11
  Rendered index/index.html.erb within layouts/application (19.3ms)
Completed 200 OK in 140ms (Views: 64.7ms | ActiveRecord: 1.7ms)


Started GET "/potin/4" for 127.0.0.1 at 2018-10-29 16:49:42 +0100
Processing by PotinController#potin as HTML
  Parameters: {"id"=>"4"}
  Rendering potin/potin.html.erb within layouts/application
  Rendered potin/potin.html.erb within layouts/application (0.9ms)
Completed 200 OK in 45ms (Views: 40.1ms | ActiveRecord: 0.0ms)


Started GET "/potin/4" for 127.0.0.1 at 2018-10-29 16:50:13 +0100
Processing by PotinController#potin as HTML
  Parameters: {"id"=>"4"}
  Rendering potin/potin.html.erb within layouts/application
  Rendered potin/potin.html.erb within layouts/application (0.8ms)
Completed 200 OK in 49ms (Views: 46.1ms | ActiveRecord: 0.0ms)


Started GET "/potin/4" for 127.0.0.1 at 2018-10-29 16:50:36 +0100
Processing by PotinController#potin as HTML
  Parameters: {"id"=>"4"}
  Rendering potin/potin.html.erb within layouts/application
  Rendered potin/potin.html.erb within layouts/application (1.1ms)
Completed 200 OK in 66ms (Views: 62.5ms | ActiveRecord: 0.0ms)


Started GET "/potin/4" for 127.0.0.1 at 2018-10-29 16:50:46 +0100
Processing by PotinController#potin as HTML
  Parameters: {"id"=>"4"}
  Rendering potin/potin.html.erb within layouts/application
  Rendered potin/potin.html.erb within layouts/application (0.5ms)
Completed 200 OK in 41ms (Views: 37.3ms | ActiveRecord: 0.0ms)


Started GET "/potin/4" for 127.0.0.1 at 2018-10-29 16:51:17 +0100
Processing by PotinController#potin as HTML
  Parameters: {"id"=>"4"}
Completed 500 Internal Server Error in 1ms (ActiveRecord: 0.0ms)


  
ArgumentError (wrong number of arguments (given 2, expected 1)):
  
app/controllers/potin_controller.rb:4:in `potin'
Started GET "/potin/4" for 127.0.0.1 at 2018-10-29 17:03:21 +0100
Processing by PotinController#potin as HTML
  Parameters: {"id"=>"4"}
  Rendering potin/potin.html.erb within layouts/application
  [1m[36mGossip Load (0.5ms)[0m  [1m[34mSELECT "gossips".* FROM "gossips"[0m
  ↳ app/views/potin/potin.html.erb:3
  Rendered potin/potin.html.erb within layouts/application (14.2ms)
Completed 500 Internal Server Error in 88ms (ActiveRecord: 1.4ms)


  
ActionView::Template::Error (no implicit conversion of String into Integer):
    1: <h1>POTIN numéro <%= @potin_num %></h1>
    2: <br>
    3: <h2><%= @potins[@potin_num].author %></h2>
    4: <h3><%= @potins[@potin_num].content %></h3>
  
app/views/potin/potin.html.erb:3:in `_app_views_potin_potin_html_erb___4365482956098055764_70122772822940'
Started GET "/potin/4" for 127.0.0.1 at 2018-10-29 17:03:40 +0100
Processing by PotinController#potin as HTML
  Parameters: {"id"=>"4"}
  Rendering potin/potin.html.erb within layouts/application
  [1m[36mGossip Load (3.6ms)[0m  [1m[34mSELECT "gossips".* FROM "gossips"[0m
  ↳ app/views/potin/potin.html.erb:3
  Rendered potin/potin.html.erb within layouts/application (9.0ms)
Completed 200 OK in 432ms (Views: 424.4ms | ActiveRecord: 3.6ms)


Started GET "/" for 127.0.0.1 at 2018-10-29 17:03:46 +0100
Processing by IndexController#index as HTML
  Rendering index/index.html.erb within layouts/application
  [1m[36mGossip Load (0.4ms)[0m  [1m[34mSELECT "gossips".* FROM "gossips"[0m
  ↳ app/views/index/index.html.erb:11
  Rendered index/index.html.erb within layouts/application (4.3ms)
Completed 200 OK in 128ms (Views: 91.6ms | ActiveRecord: 0.4ms)


Started GET "/potin/6" for 127.0.0.1 at 2018-10-29 17:03:52 +0100
Processing by PotinController#potin as HTML
  Parameters: {"id"=>"6"}
  Rendering potin/potin.html.erb within layouts/application
  [1m[36mGossip Load (0.4ms)[0m  [1m[34mSELECT "gossips".* FROM "gossips"[0m
  ↳ app/views/potin/potin.html.erb:3
  Rendered potin/potin.html.erb within layouts/application (1.8ms)
Completed 200 OK in 47ms (Views: 43.3ms | ActiveRecord: 0.4ms)


Started GET "/" for 127.0.0.1 at 2018-10-29 17:10:03 +0100
Processing by IndexController#index as HTML
  Rendering index/index.html.erb within layouts/application
  [1m[36mGossip Load (0.3ms)[0m  [1m[34mSELECT "gossips".* FROM "gossips"[0m
  ↳ app/views/index/index.html.erb:11
  Rendered index/index.html.erb within layouts/application (17.6ms)
Completed 200 OK in 587ms (Views: 534.9ms | ActiveRecord: 1.6ms)


Started GET "/team" for 127.0.0.1 at 2018-10-29 17:10:50 +0100
Processing by TeamController#team as HTML
  Rendering team/team.html.erb within layouts/application
  Rendered team/team.html.erb within layouts/application (0.9ms)
Completed 200 OK in 114ms (Views: 56.8ms | ActiveRecord: 0.0ms)


Started GET "/contact" for 127.0.0.1 at 2018-10-29 17:10:50 +0100
Processing by ContactController#contact as HTML
  Rendering contact/contact.html.erb within layouts/application
  Rendered contact/contact.html.erb within layouts/application (0.6ms)
Completed 200 OK in 107ms (Views: 56.1ms | ActiveRecord: 0.0ms)


Started GET "/" for 127.0.0.1 at 2018-10-29 17:10:52 +0100
Processing by IndexController#index as HTML
  Rendering index/index.html.erb within layouts/application
  [1m[36mGossip Load (0.3ms)[0m  [1m[34mSELECT "gossips".* FROM "gossips"[0m
  ↳ app/views/index/index.html.erb:11
  Rendered index/index.html.erb within layouts/application (1.9ms)
Completed 200 OK in 109ms (Views: 48.9ms | ActiveRecord: 0.3ms)


Started GET "/team" for 127.0.0.1 at 2018-10-29 17:10:55 +0100
Processing by TeamController#team as HTML
  Rendering team/team.html.erb within layouts/application
  Rendered team/team.html.erb within layouts/application (0.5ms)
Completed 200 OK in 62ms (Views: 58.6ms | ActiveRecord: 0.0ms)


Started GET "/" for 127.0.0.1 at 2018-10-29 17:10:58 +0100
Processing by IndexController#index as HTML
  Rendering index/index.html.erb within layouts/application
  [1m[36mGossip Load (0.3ms)[0m  [1m[34mSELECT "gossips".* FROM "gossips"[0m
  ↳ app/views/index/index.html.erb:11
  Rendered index/index.html.erb within layouts/application (2.2ms)
Completed 200 OK in 83ms (Views: 80.3ms | ActiveRecord: 0.3ms)


